\BOOKMARK [0][-]{chapter.1}{\376\377\000H\000i\000e\000r\000a\000r\000c\000h\000i\000c\000a\000l\000\040\000I\000n\000d\000e\000x}{}% 1
\BOOKMARK [1][-]{section.1.1}{\376\377\000C\000l\000a\000s\000s\000\040\000H\000i\000e\000r\000a\000r\000c\000h\000y}{chapter.1}% 2
\BOOKMARK [0][-]{chapter.2}{\376\377\000C\000l\000a\000s\000s\000\040\000I\000n\000d\000e\000x}{}% 3
\BOOKMARK [1][-]{section.2.1}{\376\377\000C\000l\000a\000s\000s\000\040\000L\000i\000s\000t}{chapter.2}% 4
\BOOKMARK [0][-]{chapter.3}{\376\377\000F\000i\000l\000e\000\040\000I\000n\000d\000e\000x}{}% 5
\BOOKMARK [1][-]{section.3.1}{\376\377\000F\000i\000l\000e\000\040\000L\000i\000s\000t}{chapter.3}% 6
\BOOKMARK [0][-]{chapter.4}{\376\377\000C\000l\000a\000s\000s\000\040\000D\000o\000c\000u\000m\000e\000n\000t\000a\000t\000i\000o\000n}{}% 7
\BOOKMARK [1][-]{section.4.1}{\376\377\000A\000b\000s\000t\000r\000a\000c\000t\000C\000o\000m\000p\000o\000n\000e\000n\000t\000\040\000C\000l\000a\000s\000s\000\040\000R\000e\000f\000e\000r\000e\000n\000c\000e}{chapter.4}% 8
\BOOKMARK [1][-]{section.4.2}{\376\377\000A\000b\000s\000t\000r\000a\000c\000t\000D\000r\000a\000w\000a\000b\000l\000e\000\040\000C\000l\000a\000s\000s\000\040\000R\000e\000f\000e\000r\000e\000n\000c\000e}{chapter.4}% 9
\BOOKMARK [1][-]{section.4.3}{\376\377\000A\000b\000s\000t\000r\000a\000c\000t\000E\000n\000t\000i\000t\000y\000\040\000C\000l\000a\000s\000s\000\040\000R\000e\000f\000e\000r\000e\000n\000c\000e}{chapter.4}% 10
\BOOKMARK [1][-]{section.4.4}{\376\377\000A\000b\000s\000t\000r\000a\000c\000t\000R\000e\000n\000d\000e\000r\000W\000i\000n\000d\000o\000w\000\040\000C\000l\000a\000s\000s\000\040\000R\000e\000f\000e\000r\000e\000n\000c\000e}{chapter.4}% 11
\BOOKMARK [1][-]{section.4.5}{\376\377\000A\000b\000s\000t\000r\000a\000c\000t\000S\000y\000s\000t\000e\000m\000\040\000C\000l\000a\000s\000s\000\040\000R\000e\000f\000e\000r\000e\000n\000c\000e}{chapter.4}% 12
\BOOKMARK [1][-]{section.4.6}{\376\377\000C\000O\000L\000\137\000c\000i\000r\000c\000l\000e\000\137\000s\000t\000r\000u\000c\000t\000\040\000S\000t\000r\000u\000c\000t\000\040\000R\000e\000f\000e\000r\000e\000n\000c\000e}{chapter.4}% 13
\BOOKMARK [1][-]{section.4.7}{\376\377\000C\000o\000l\000l\000i\000s\000i\000o\000n\000C\000o\000m\000p\000o\000n\000e\000n\000t\000\040\000C\000l\000a\000s\000s\000\040\000R\000e\000f\000e\000r\000e\000n\000c\000e}{chapter.4}% 14
\BOOKMARK [1][-]{section.4.8}{\376\377\000C\000o\000l\000l\000i\000s\000i\000o\000n\000S\000y\000s\000t\000e\000m\000\040\000C\000l\000a\000s\000s\000\040\000R\000e\000f\000e\000r\000e\000n\000c\000e}{chapter.4}% 15
\BOOKMARK [1][-]{section.4.9}{\376\377\000C\000u\000s\000t\000o\000m\000A\000t\000t\000r\000i\000b\000u\000t\000e\000\040\000C\000l\000a\000s\000s\000\040\000R\000e\000f\000e\000r\000e\000n\000c\000e}{chapter.4}% 16
\BOOKMARK [1][-]{section.4.10}{\376\377\000C\000u\000s\000t\000o\000m\000A\000t\000t\000r\000i\000b\000u\000t\000e\000U\000n\000i\000o\000n\000\040\000U\000n\000i\000o\000n\000\040\000R\000e\000f\000e\000r\000e\000n\000c\000e}{chapter.4}% 17
\BOOKMARK [1][-]{section.4.11}{\376\377\000E\000n\000t\000i\000t\000y\000M\000a\000n\000a\000g\000e\000r\000\040\000C\000l\000a\000s\000s\000\040\000R\000e\000f\000e\000r\000e\000n\000c\000e}{chapter.4}% 18
\BOOKMARK [1][-]{section.4.12}{\376\377\000E\000v\000e\000n\000t\000S\000y\000s\000t\000e\000m\000\040\000C\000l\000a\000s\000s\000\040\000R\000e\000f\000e\000r\000e\000n\000c\000e}{chapter.4}% 19
\BOOKMARK [1][-]{section.4.13}{\376\377\000G\000r\000a\000p\000h\000i\000c\000s\000C\000o\000m\000p\000o\000n\000e\000n\000t\000\040\000C\000l\000a\000s\000s\000\040\000R\000e\000f\000e\000r\000e\000n\000c\000e}{chapter.4}% 20
\BOOKMARK [1][-]{section.4.14}{\376\377\000G\000r\000a\000p\000h\000i\000c\000s\000S\000y\000s\000t\000e\000m\000\040\000C\000l\000a\000s\000s\000\040\000R\000e\000f\000e\000r\000e\000n\000c\000e}{chapter.4}% 21
\BOOKMARK [1][-]{section.4.15}{\376\377\000K\000a\000m\000p\000f\000\040\000C\000l\000a\000s\000s\000\040\000R\000e\000f\000e\000r\000e\000n\000c\000e}{chapter.4}% 22
\BOOKMARK [1][-]{section.4.16}{\376\377\000L\000u\000a\000S\000c\000r\000i\000p\000t\000\040\000C\000l\000a\000s\000s\000\040\000R\000e\000f\000e\000r\000e\000n\000c\000e}{chapter.4}% 23
\BOOKMARK [1][-]{section.4.17}{\376\377\000M\000a\000i\000n\000E\000n\000t\000i\000t\000y\000\040\000C\000l\000a\000s\000s\000\040\000R\000e\000f\000e\000r\000e\000n\000c\000e}{chapter.4}% 24
\BOOKMARK [1][-]{section.4.18}{\376\377\000M\000a\000t\000r\000i\000x\0003\000\040\000C\000l\000a\000s\000s\000\040\000R\000e\000f\000e\000r\000e\000n\000c\000e}{chapter.4}% 25
\BOOKMARK [1][-]{section.4.19}{\376\377\000M\000e\000s\000s\000a\000g\000e\000\040\000C\000l\000a\000s\000s\000\040\000R\000e\000f\000e\000r\000e\000n\000c\000e}{chapter.4}% 26
\BOOKMARK [1][-]{section.4.20}{\376\377\000M\000e\000s\000s\000e\000n\000g\000e\000r\000\040\000C\000l\000a\000s\000s\000\040\000R\000e\000f\000e\000r\000e\000n\000c\000e}{chapter.4}% 27
\BOOKMARK [1][-]{section.4.21}{\376\377\000P\000h\000y\000s\000i\000c\000s\000C\000o\000m\000p\000o\000n\000e\000n\000t\000\040\000C\000l\000a\000s\000s\000\040\000R\000e\000f\000e\000r\000e\000n\000c\000e}{chapter.4}% 28
\BOOKMARK [1][-]{section.4.22}{\376\377\000P\000h\000y\000s\000i\000c\000s\000S\000y\000s\000t\000e\000m\000\040\000C\000l\000a\000s\000s\000\040\000R\000e\000f\000e\000r\000e\000n\000c\000e}{chapter.4}% 29
\BOOKMARK [1][-]{section.4.23}{\376\377\000Q\000u\000a\000t\000e\000r\000n\000i\000o\000n\000\040\000C\000l\000a\000s\000s\000\040\000R\000e\000f\000e\000r\000e\000n\000c\000e}{chapter.4}% 30
\BOOKMARK [1][-]{section.4.24}{\376\377\000R\000e\000s\000o\000l\000u\000t\000i\000o\000n\000\040\000S\000t\000r\000u\000c\000t\000\040\000R\000e\000f\000e\000r\000e\000n\000c\000e}{chapter.4}% 31
\BOOKMARK [1][-]{section.4.25}{\376\377\000R\000u\000l\000e\000M\000a\000c\000h\000i\000n\000e\000\040\000C\000l\000a\000s\000s\000\040\000R\000e\000f\000e\000r\000e\000n\000c\000e}{chapter.4}% 32
\BOOKMARK [1][-]{section.4.26}{\376\377\000R\000u\000l\000e\000W\000r\000a\000p\000p\000e\000r\000\137\000c\000o\000n\000d\000i\000t\000i\000o\000n\000\040\000C\000l\000a\000s\000s\000\040\000R\000e\000f\000e\000r\000e\000n\000c\000e}{chapter.4}% 33
\BOOKMARK [1][-]{section.4.27}{\376\377\000R\000u\000l\000e\000W\000r\000a\000p\000p\000e\000r\000\137\000f\000u\000n\000c\000t\000i\000o\000n\000\040\000C\000l\000a\000s\000s\000\040\000R\000e\000f\000e\000r\000e\000n\000c\000e}{chapter.4}% 34
\BOOKMARK [1][-]{section.4.28}{\376\377\000S\000D\000L\000A\000s\000s\000e\000t\000M\000a\000n\000a\000g\000e\000r\000\040\000C\000l\000a\000s\000s\000\040\000R\000e\000f\000e\000r\000e\000n\000c\000e}{chapter.4}% 35
\BOOKMARK [1][-]{section.4.29}{\376\377\000S\000D\000L\000D\000r\000a\000w\000a\000b\000l\000e\000\040\000C\000l\000a\000s\000s\000\040\000R\000e\000f\000e\000r\000e\000n\000c\000e}{chapter.4}% 36
\BOOKMARK [1][-]{section.4.30}{\376\377\000S\000D\000L\000R\000e\000n\000d\000e\000r\000W\000i\000n\000d\000o\000w\000\040\000C\000l\000a\000s\000s\000\040\000R\000e\000f\000e\000r\000e\000n\000c\000e}{chapter.4}% 37
\BOOKMARK [1][-]{section.4.31}{\376\377\000V\000e\000c\000t\000o\000r\0003\000\040\000C\000l\000a\000s\000s\000\040\000R\000e\000f\000e\000r\000e\000n\000c\000e}{chapter.4}% 38
\BOOKMARK [1][-]{section.4.32}{\376\377\000V\000i\000e\000w\000p\000o\000r\000t\000\040\000S\000t\000r\000u\000c\000t\000\040\000R\000e\000f\000e\000r\000e\000n\000c\000e}{chapter.4}% 39
\BOOKMARK [0][-]{chapter.5}{\376\377\000F\000i\000l\000e\000\040\000D\000o\000c\000u\000m\000e\000n\000t\000a\000t\000i\000o\000n}{}% 40
\BOOKMARK [1][-]{section.5.1}{\376\377\000/\000h\000o\000m\000e\000/\000b\000e\000n\000z\000a\000p\000/\000P\000r\000o\000j\000e\000c\000t\000s\000/\000k\000a\000m\000p\000f\000/\000s\000r\000c\000/\000A\000b\000s\000t\000r\000a\000c\000t\000C\000o\000m\000p\000o\000n\000e\000n\000t\000.\000h\000p\000p\000\040\000F\000i\000l\000e\000\040\000R\000e\000f\000e\000r\000e\000n\000c\000e}{chapter.5}% 41
\BOOKMARK [2][-]{subsection.5.1.1}{\376\377\000D\000e\000t\000a\000i\000l\000e\000d\000\040\000D\000e\000s\000c\000r\000i\000p\000t\000i\000o\000n}{section.5.1}% 42
\BOOKMARK [2][-]{subsection.5.1.2}{\376\377\000E\000n\000u\000m\000e\000r\000a\000t\000i\000o\000n\000\040\000T\000y\000p\000e\000\040\000D\000o\000c\000u\000m\000e\000n\000t\000a\000t\000i\000o\000n}{section.5.1}% 43
\BOOKMARK [3][-]{subsubsection.5.1.2.1}{\376\377\000e\000n\000u\000m\000C\000o\000m\000p\000o\000n\000e\000n\000t\000F\000a\000m\000i\000l\000y}{subsection.5.1.2}% 44
\BOOKMARK [-1][-]{subsubsection.5.1.2.1}{\376\377\000I\000n\000d\000e\000x}{}% 45
